<?xml version="1.0" encoding="UTF-8"?>
<!-- Generated by org.testng.reporters.JUnitReportReporter -->
<testsuite skipped="0" hostname="DESKTOP-FID49DI" name="com.tests.IndexTest" tests="6" failures="0" timestamp="02 May 2021 17:02:45 GMT" time="12.513" errors="0">
  <testcase name="index_Test1" time="7.634" classname="com.tests.IndexTest"/>
  <testcase name="index_Test2" time="1.111" classname="com.tests.IndexTest"/>
  <testcase name="index_Test3" time="3.279" classname="com.tests.IndexTest"/>
  <testcase name="index_Test4" time="0.067" classname="com.tests.IndexTest"/>
  <testcase name="index_Test5" time="0.232" classname="com.tests.IndexTest"/>
  <testcase name="index_Test6" time="0.190" classname="com.tests.IndexTest"/>
</testsuite> <!-- com.tests.IndexTest -->
